<?xml version="1.0" encoding="UTF-8"?>
<testng-results skipped="0" failed="0" ignored="0" total="2" passed="2">
  <reporter-output>
  </reporter-output>
  <suite name="Default suite" duration-ms="28959" started-at="2019-12-07T10:23:29Z" finished-at="2019-12-07T10:23:58Z">
    <groups>
      <group name="cucumber">
        <method signature="AbstractTestNGCucumberTests.runScenario(cucumber.api.testng.PickleEventWrapper, cucumber.api.testng.CucumberFeatureWrapper)[pri:0, instance:com.leafBot.testcases.TC001_CreateLead@2b2948e2]" name="runScenario" class="cucumber.api.testng.AbstractTestNGCucumberTests"/>
      </group> <!-- cucumber -->
    </groups>
    <test name="Default test" duration-ms="28959" started-at="2019-12-07T10:23:29Z" finished-at="2019-12-07T10:23:58Z">
      <class name="com.leafBot.testcases.TC001_CreateLead">
        <test-method status="PASS" signature="startReport()[pri:0, instance:com.leafBot.testcases.TC001_CreateLead@2b2948e2]" name="startReport" is-config="true" duration-ms="1332" started-at="2019-12-07T10:23:28Z" finished-at="2019-12-07T10:23:29Z">
          <reporter-output>
          </reporter-output>
        </test-method> <!-- startReport -->
        <test-method status="PASS" signature="setData()[pri:0, instance:com.leafBot.testcases.TC001_CreateLead@2b2948e2]" name="setData" is-config="true" duration-ms="1" started-at="2019-12-07T10:23:29Z" finished-at="2019-12-07T10:23:29Z">
          <reporter-output>
          </reporter-output>
        </test-method> <!-- setData -->
        <test-method status="PASS" signature="setUpClass()[pri:0, instance:com.leafBot.testcases.TC001_CreateLead@2b2948e2]" name="setUpClass" is-config="true" duration-ms="224" started-at="2019-12-07T10:23:30Z" finished-at="2019-12-07T10:23:30Z">
          <reporter-output>
          </reporter-output>
        </test-method> <!-- setUpClass -->
        <test-method status="PASS" signature="report()[pri:0, instance:com.leafBot.testcases.TC001_CreateLead@2b2948e2]" name="report" is-config="true" duration-ms="26" started-at="2019-12-07T10:23:30Z" finished-at="2019-12-07T10:23:30Z">
          <reporter-output>
          </reporter-output>
        </test-method> <!-- report -->
        <test-method status="PASS" signature="beforeMethod()[pri:0, instance:com.leafBot.testcases.TC001_CreateLead@2b2948e2]" name="beforeMethod" is-config="true" duration-ms="14583" started-at="2019-12-07T10:23:32Z" finished-at="2019-12-07T10:23:46Z">
          <reporter-output>
          </reporter-output>
        </test-method> <!-- beforeMethod -->
        <test-method status="PASS" signature="runTC001(java.lang.String, java.lang.String)[pri:0, instance:com.leafBot.testcases.TC001_CreateLead@2b2948e2]" name="runTC001" duration-ms="3649" started-at="2019-12-07T10:23:46Z" data-provider="fetchData" finished-at="2019-12-07T10:23:50Z">
          <params>
            <param index="0">
              <value>
                <![CDATA[DemoSalesManager]]>
              </value>
            </param>
            <param index="1">
              <value>
                <![CDATA[crmsfa]]>
              </value>
            </param>
          </params>
          <reporter-output>
          </reporter-output>
        </test-method> <!-- runTC001 -->
        <test-method status="PASS" signature="afterMethod()[pri:0, instance:com.leafBot.testcases.TC001_CreateLead@2b2948e2]" name="afterMethod" is-config="true" duration-ms="351" started-at="2019-12-07T10:23:50Z" finished-at="2019-12-07T10:23:50Z">
          <reporter-output>
          </reporter-output>
        </test-method> <!-- afterMethod -->
        <test-method status="PASS" signature="beforeMethod()[pri:0, instance:com.leafBot.testcases.TC001_CreateLead@2b2948e2]" name="beforeMethod" is-config="true" duration-ms="5055" started-at="2019-12-07T10:23:50Z" finished-at="2019-12-07T10:23:55Z">
          <reporter-output>
          </reporter-output>
        </test-method> <!-- beforeMethod -->
        <test-method status="PASS" signature="runTC001(java.lang.String, java.lang.String)[pri:0, instance:com.leafBot.testcases.TC001_CreateLead@2b2948e2]" name="runTC001" duration-ms="2811" started-at="2019-12-07T10:23:55Z" data-provider="fetchData" finished-at="2019-12-07T10:23:58Z">
          <params>
            <param index="0">
              <value>
                <![CDATA[DemoCSR]]>
              </value>
            </param>
            <param index="1">
              <value>
                <![CDATA[crmsfa]]>
              </value>
            </param>
          </params>
          <reporter-output>
          </reporter-output>
        </test-method> <!-- runTC001 -->
        <test-method status="PASS" signature="afterMethod()[pri:0, instance:com.leafBot.testcases.TC001_CreateLead@2b2948e2]" name="afterMethod" is-config="true" duration-ms="152" started-at="2019-12-07T10:23:58Z" finished-at="2019-12-07T10:23:58Z">
          <reporter-output>
          </reporter-output>
        </test-method> <!-- afterMethod -->
        <test-method status="PASS" signature="tearDownClass()[pri:0, instance:com.leafBot.testcases.TC001_CreateLead@2b2948e2]" name="tearDownClass" is-config="true" duration-ms="19" started-at="2019-12-07T10:23:58Z" finished-at="2019-12-07T10:23:58Z">
          <reporter-output>
          </reporter-output>
        </test-method> <!-- tearDownClass -->
        <test-method status="PASS" signature="stopReport()[pri:0, instance:com.leafBot.testcases.TC001_CreateLead@2b2948e2]" name="stopReport" is-config="true" duration-ms="1075" started-at="2019-12-07T10:23:59Z" finished-at="2019-12-07T10:24:00Z">
          <reporter-output>
          </reporter-output>
        </test-method> <!-- stopReport -->
      </class> <!-- com.leafBot.testcases.TC001_CreateLead -->
    </test> <!-- Default test -->
  </suite> <!-- Default suite -->
</testng-results>
